{"level":"info","message":"🚀 Starting Social Media Bot Server...","service":"social-media-bot","timestamp":"2025-07-16T06:08:32.863Z","version":"1.0.0"}
{"component":"database","level":"info","message":"Database connection established","service":"social-media-bot","timestamp":"2025-07-16T06:08:32.897Z","version":"1.0.0"}
{"component":"scheduler","level":"info","message":"All schedulers initialized","service":"social-media-bot","timestamp":"2025-07-16T06:08:32.929Z","version":"1.0.0"}
{"documentation":"http://localhost:3000/api-docs","environment":"development","graphql":"http://localhost:3000/graphql","health":"http://localhost:3000/","level":"info","message":"🚀 Social Media Bot Server running on port 3000","port":"3000","service":"social-media-bot","timestamp":"2025-07-16T06:08:32.930Z","version":"1.0.0"}
{"component":"api","ip":"::1","level":"info","message":"API Request","method":"GET","responseTime":"6ms","service":"social-media-bot","statusCode":200,"timestamp":"2025-07-16T06:08:37.979Z","url":"/","userAgent":"axios/1.10.0","version":"1.0.0"}
{"ip":"::1","level":"warn","message":"404 - Route not found","method":"GET","service":"social-media-bot","timestamp":"2025-07-16T06:08:37.985Z","url":"/api/schedule","version":"1.0.0"}
{"component":"api","ip":"::1","level":"error","message":"API Error Response","method":"GET","responseTime":"2ms","service":"social-media-bot","statusCode":404,"timestamp":"2025-07-16T06:08:37.986Z","url":"/api/schedule","userAgent":"axios/1.10.0","version":"1.0.0"}
{"ip":"::1","level":"warn","message":"404 - Route not found","method":"POST","service":"social-media-bot","timestamp":"2025-07-16T06:08:37.998Z","url":"/api/schedule","version":"1.0.0"}
{"component":"api","ip":"::1","level":"error","message":"API Error Response","method":"POST","responseTime":"10ms","service":"social-media-bot","statusCode":404,"timestamp":"2025-07-16T06:08:37.998Z","url":"/api/schedule","userAgent":"axios/1.10.0","version":"1.0.0"}
{"ip":"::1","level":"warn","message":"404 - Route not found","method":"GET","service":"social-media-bot","timestamp":"2025-07-16T06:08:38.000Z","url":"/api/schedule/upcoming","version":"1.0.0"}
{"component":"api","ip":"::1","level":"error","message":"API Error Response","method":"GET","responseTime":"1ms","service":"social-media-bot","statusCode":404,"timestamp":"2025-07-16T06:08:38.000Z","url":"/api/schedule/upcoming","userAgent":"axios/1.10.0","version":"1.0.0"}
{"ip":"::1","level":"warn","message":"404 - Route not found","method":"GET","service":"social-media-bot","timestamp":"2025-07-16T06:08:38.002Z","url":"/api/users","version":"1.0.0"}
{"component":"api","ip":"::1","level":"error","message":"API Error Response","method":"GET","responseTime":"1ms","service":"social-media-bot","statusCode":404,"timestamp":"2025-07-16T06:08:38.002Z","url":"/api/users","userAgent":"axios/1.10.0","version":"1.0.0"}
{"ip":"::1","level":"warn","message":"404 - Route not found","method":"POST","service":"social-media-bot","timestamp":"2025-07-16T06:08:38.004Z","url":"/api/users","version":"1.0.0"}
{"component":"api","ip":"::1","level":"error","message":"API Error Response","method":"POST","responseTime":"2ms","service":"social-media-bot","statusCode":404,"timestamp":"2025-07-16T06:08:38.005Z","url":"/api/users","userAgent":"axios/1.10.0","version":"1.0.0"}
{"ip":"::1","level":"warn","message":"404 - Route not found","method":"GET","service":"social-media-bot","timestamp":"2025-07-16T06:08:38.007Z","url":"/api/users/search?q=test","version":"1.0.0"}
{"component":"api","ip":"::1","level":"error","message":"API Error Response","method":"GET","responseTime":"1ms","service":"social-media-bot","statusCode":404,"timestamp":"2025-07-16T06:08:38.008Z","url":"/api/users/search?q=test","userAgent":"axios/1.10.0","version":"1.0.0"}
{"ip":"::1","level":"warn","message":"404 - Route not found","method":"GET","service":"social-media-bot","timestamp":"2025-07-16T06:08:38.010Z","url":"/api/users/platform/twitter","version":"1.0.0"}
{"component":"api","ip":"::1","level":"error","message":"API Error Response","method":"GET","responseTime":"0ms","service":"social-media-bot","statusCode":404,"timestamp":"2025-07-16T06:08:38.010Z","url":"/api/users/platform/twitter","userAgent":"axios/1.10.0","version":"1.0.0"}
{"ip":"::1","level":"warn","message":"404 - Route not found","method":"GET","service":"social-media-bot","timestamp":"2025-07-16T06:08:38.013Z","url":"/api/interact","version":"1.0.0"}
{"component":"api","ip":"::1","level":"error","message":"API Error Response","method":"GET","responseTime":"2ms","service":"social-media-bot","statusCode":404,"timestamp":"2025-07-16T06:08:38.014Z","url":"/api/interact","userAgent":"axios/1.10.0","version":"1.0.0"}
{"ip":"::1","level":"warn","message":"404 - Route not found","method":"POST","service":"social-media-bot","timestamp":"2025-07-16T06:08:38.016Z","url":"/api/interact","version":"1.0.0"}
{"component":"api","ip":"::1","level":"error","message":"API Error Response","method":"POST","responseTime":"1ms","service":"social-media-bot","statusCode":404,"timestamp":"2025-07-16T06:08:38.017Z","url":"/api/interact","userAgent":"axios/1.10.0","version":"1.0.0"}
{"ip":"::1","level":"warn","message":"404 - Route not found","method":"GET","service":"social-media-bot","timestamp":"2025-07-16T06:08:38.018Z","url":"/api/analytics","version":"1.0.0"}
{"component":"api","ip":"::1","level":"error","message":"API Error Response","method":"GET","responseTime":"0ms","service":"social-media-bot","statusCode":404,"timestamp":"2025-07-16T06:08:38.018Z","url":"/api/analytics","userAgent":"axios/1.10.0","version":"1.0.0"}
{"ip":"::1","level":"warn","message":"404 - Route not found","method":"GET","service":"social-media-bot","timestamp":"2025-07-16T06:08:38.019Z","url":"/api/analytics/platform/twitter","version":"1.0.0"}
{"component":"api","ip":"::1","level":"error","message":"API Error Response","method":"GET","responseTime":"0ms","service":"social-media-bot","statusCode":404,"timestamp":"2025-07-16T06:08:38.020Z","url":"/api/analytics/platform/twitter","userAgent":"axios/1.10.0","version":"1.0.0"}
{"ip":"::1","level":"warn","message":"404 - Route not found","method":"GET","service":"social-media-bot","timestamp":"2025-07-16T06:08:38.021Z","url":"/api/analytics/interactions","version":"1.0.0"}
{"component":"api","ip":"::1","level":"error","message":"API Error Response","method":"GET","responseTime":"1ms","service":"social-media-bot","statusCode":404,"timestamp":"2025-07-16T06:08:38.021Z","url":"/api/analytics/interactions","userAgent":"axios/1.10.0","version":"1.0.0"}
{"ip":"::1","level":"warn","message":"404 - Route not found","method":"GET","service":"social-media-bot","timestamp":"2025-07-16T06:08:38.022Z","url":"/api/analytics/posts","version":"1.0.0"}
{"component":"api","ip":"::1","level":"error","message":"API Error Response","method":"GET","responseTime":"1ms","service":"social-media-bot","statusCode":404,"timestamp":"2025-07-16T06:08:38.023Z","url":"/api/analytics/posts","userAgent":"axios/1.10.0","version":"1.0.0"}
{"ip":"::1","level":"warn","message":"404 - Route not found","method":"GET","service":"social-media-bot","timestamp":"2025-07-16T06:08:38.023Z","url":"/api/analytics/tasks","version":"1.0.0"}
{"component":"api","ip":"::1","level":"error","message":"API Error Response","method":"GET","responseTime":"1ms","service":"social-media-bot","statusCode":404,"timestamp":"2025-07-16T06:08:38.024Z","url":"/api/analytics/tasks","userAgent":"axios/1.10.0","version":"1.0.0"}
{"ip":"::1","level":"warn","message":"404 - Route not found","method":"GET","service":"social-media-bot","timestamp":"2025-07-16T06:08:38.024Z","url":"/api/analytics/users","version":"1.0.0"}
{"component":"api","ip":"::1","level":"error","message":"API Error Response","method":"GET","responseTime":"1ms","service":"social-media-bot","statusCode":404,"timestamp":"2025-07-16T06:08:38.025Z","url":"/api/analytics/users","userAgent":"axios/1.10.0","version":"1.0.0"}
{"ip":"::1","level":"warn","message":"404 - Route not found","method":"GET","service":"social-media-bot","timestamp":"2025-07-16T06:08:38.026Z","url":"/api/analytics/trends","version":"1.0.0"}
{"component":"api","ip":"::1","level":"error","message":"API Error Response","method":"GET","responseTime":"0ms","service":"social-media-bot","statusCode":404,"timestamp":"2025-07-16T06:08:38.027Z","url":"/api/analytics/trends","userAgent":"axios/1.10.0","version":"1.0.0"}
{"ip":"::1","level":"warn","message":"404 - Route not found","method":"GET","service":"social-media-bot","timestamp":"2025-07-16T06:08:38.027Z","url":"/api/analytics/realtime","version":"1.0.0"}
{"component":"api","ip":"::1","level":"error","message":"API Error Response","method":"GET","responseTime":"1ms","service":"social-media-bot","statusCode":404,"timestamp":"2025-07-16T06:08:38.028Z","url":"/api/analytics/realtime","userAgent":"axios/1.10.0","version":"1.0.0"}
{"ip":"::1","level":"warn","message":"404 - Route not found","method":"GET","service":"social-media-bot","timestamp":"2025-07-16T06:08:38.029Z","url":"/api/nonexistent","version":"1.0.0"}
{"component":"api","ip":"::1","level":"error","message":"API Error Response","method":"GET","responseTime":"0ms","service":"social-media-bot","statusCode":404,"timestamp":"2025-07-16T06:08:38.029Z","url":"/api/nonexistent","userAgent":"axios/1.10.0","version":"1.0.0"}
{"ip":"::1","level":"warn","message":"404 - Route not found","method":"POST","service":"social-media-bot","timestamp":"2025-07-16T06:08:38.030Z","url":"/api/schedule","version":"1.0.0"}
{"component":"api","ip":"::1","level":"error","message":"API Error Response","method":"POST","responseTime":"0ms","service":"social-media-bot","statusCode":404,"timestamp":"2025-07-16T06:08:38.030Z","url":"/api/schedule","userAgent":"axios/1.10.0","version":"1.0.0"}
{"ip":"::1","level":"warn","message":"404 - Route not found","method":"GET","service":"social-media-bot","timestamp":"2025-07-16T06:08:38.031Z","url":"/api/analytics/platform/invalid","version":"1.0.0"}
{"component":"api","ip":"::1","level":"error","message":"API Error Response","method":"GET","responseTime":"0ms","service":"social-media-bot","statusCode":404,"timestamp":"2025-07-16T06:08:38.031Z","url":"/api/analytics/platform/invalid","userAgent":"axios/1.10.0","version":"1.0.0"}
{"level":"info","message":"Received SIGTERM. Starting graceful shutdown...","service":"social-media-bot","timestamp":"2025-07-16T06:08:38.033Z","version":"1.0.0"}
{"level":"info","message":"🚀 Starting Social Media Bot Server...","service":"social-media-bot","timestamp":"2025-07-16T06:46:22.524Z","version":"1.0.0"}
{"component":"database","level":"info","message":"Database connection established","service":"social-media-bot","timestamp":"2025-07-16T06:46:22.558Z","version":"1.0.0"}
{"component":"scheduler","level":"info","message":"All schedulers initialized","service":"social-media-bot","timestamp":"2025-07-16T06:46:22.591Z","version":"1.0.0"}
{"documentation":"http://localhost:3000/api-docs","environment":"development","graphql":"http://localhost:3000/graphql","health":"http://localhost:3000/","level":"info","message":"🚀 Social Media Bot Server running on port 3000","port":"3000","service":"social-media-bot","timestamp":"2025-07-16T06:46:22.591Z","version":"1.0.0"}
{"component":"api","ip":"::1","level":"info","message":"API Request","method":"GET","responseTime":"5ms","service":"social-media-bot","statusCode":200,"timestamp":"2025-07-16T06:46:27.627Z","url":"/","userAgent":"axios/1.10.0","version":"1.0.0"}
{"component":"api","ip":"::1","level":"info","message":"API Request","method":"GET","responseTime":"33ms","service":"social-media-bot","statusCode":200,"timestamp":"2025-07-16T06:46:27.664Z","url":"/api/schedule","userAgent":"axios/1.10.0","version":"1.0.0"}
{"component":"api","ip":"::1","level":"info","message":"API Request","method":"POST","responseTime":"21ms","service":"social-media-bot","statusCode":201,"timestamp":"2025-07-16T06:46:27.687Z","url":"/api/schedule","userAgent":"axios/1.10.0","version":"1.0.0"}
{"component":"api","ip":"::1","level":"info","message":"API Request","method":"GET","responseTime":"4ms","service":"social-media-bot","statusCode":200,"timestamp":"2025-07-16T06:46:27.693Z","url":"/api/schedule/upcoming","userAgent":"axios/1.10.0","version":"1.0.0"}
{"component":"api","ip":"::1","level":"info","message":"API Request","method":"GET","responseTime":"2ms","service":"social-media-bot","statusCode":200,"timestamp":"2025-07-16T06:46:27.697Z","url":"/api/schedule/68774ac3569e9938f7a47e72","userAgent":"axios/1.10.0","version":"1.0.0"}
{"component":"api","ip":"::1","level":"info","message":"API Request","method":"PUT","responseTime":"9ms","service":"social-media-bot","statusCode":200,"timestamp":"2025-07-16T06:46:27.707Z","url":"/api/schedule/68774ac3569e9938f7a47e72","userAgent":"axios/1.10.0","version":"1.0.0"}
{"component":"api","ip":"::1","level":"info","message":"API Request","method":"DELETE","responseTime":"2ms","service":"social-media-bot","statusCode":200,"timestamp":"2025-07-16T06:46:27.711Z","url":"/api/schedule/68774ac3569e9938f7a47e72","userAgent":"axios/1.10.0","version":"1.0.0"}
{"component":"api","ip":"::1","level":"info","message":"API Request","method":"GET","responseTime":"6ms","service":"social-media-bot","statusCode":200,"timestamp":"2025-07-16T06:46:27.717Z","url":"/api/users","userAgent":"axios/1.10.0","version":"1.0.0"}
{"component":"api","ip":"::1","level":"info","message":"API Request","method":"POST","responseTime":"6ms","service":"social-media-bot","statusCode":201,"timestamp":"2025-07-16T06:46:27.725Z","url":"/api/users","userAgent":"axios/1.10.0","version":"1.0.0"}
{"component":"api","ip":"::1","level":"info","message":"API Request","method":"GET","responseTime":"6ms","service":"social-media-bot","statusCode":200,"timestamp":"2025-07-16T06:46:27.733Z","url":"/api/users/search?q=test","userAgent":"axios/1.10.0","version":"1.0.0"}
{"component":"api","ip":"::1","level":"info","message":"API Request","method":"GET","responseTime":"2ms","service":"social-media-bot","statusCode":200,"timestamp":"2025-07-16T06:46:27.736Z","url":"/api/users/platform/twitter","userAgent":"axios/1.10.0","version":"1.0.0"}
{"component":"api","ip":"::1","level":"info","message":"API Request","method":"GET","responseTime":"3ms","service":"social-media-bot","statusCode":200,"timestamp":"2025-07-16T06:46:27.740Z","url":"/api/users/68774ac310023b8ecb23861c","userAgent":"axios/1.10.0","version":"1.0.0"}
{"component":"api","ip":"::1","level":"info","message":"API Request","method":"PUT","responseTime":"2ms","service":"social-media-bot","statusCode":200,"timestamp":"2025-07-16T06:46:27.743Z","url":"/api/users/68774ac310023b8ecb23861c","userAgent":"axios/1.10.0","version":"1.0.0"}
{"component":"api","ip":"::1","level":"info","message":"API Request","method":"GET","responseTime":"3ms","service":"social-media-bot","statusCode":200,"timestamp":"2025-07-16T06:46:27.747Z","url":"/api/interact","userAgent":"axios/1.10.0","version":"1.0.0"}
{"component":"api","ip":"::1","level":"info","message":"API Request","method":"POST","responseTime":"3ms","service":"social-media-bot","statusCode":201,"timestamp":"2025-07-16T06:46:27.750Z","url":"/api/interact","userAgent":"axios/1.10.0","version":"1.0.0"}
{"component":"api","ip":"::1","level":"info","message":"API Request","method":"GET","responseTime":"1ms","service":"social-media-bot","statusCode":200,"timestamp":"2025-07-16T06:46:27.752Z","url":"/api/interact/68774ac3569e9938f7a47e84","userAgent":"axios/1.10.0","version":"1.0.0"}
{"component":"api","ip":"::1","level":"info","message":"API Request","method":"PUT","responseTime":"2ms","service":"social-media-bot","statusCode":200,"timestamp":"2025-07-16T06:46:27.755Z","url":"/api/interact/68774ac3569e9938f7a47e84","userAgent":"axios/1.10.0","version":"1.0.0"}
{"component":"api","ip":"::1","level":"info","message":"API Request","method":"POST","responseTime":"5ms","service":"social-media-bot","statusCode":200,"timestamp":"2025-07-16T06:46:27.761Z","url":"/api/interact/68774ac3569e9938f7a47e84/execute","userAgent":"axios/1.10.0","version":"1.0.0"}
{"component":"api","ip":"::1","level":"info","message":"API Request","method":"GET","responseTime":"9ms","service":"social-media-bot","statusCode":200,"timestamp":"2025-07-16T06:46:27.771Z","url":"/api/analytics","userAgent":"axios/1.10.0","version":"1.0.0"}
{"component":"api","ip":"::1","level":"info","message":"API Request","method":"GET","responseTime":"3ms","service":"social-media-bot","statusCode":200,"timestamp":"2025-07-16T06:46:27.776Z","url":"/api/analytics/platform/twitter","userAgent":"axios/1.10.0","version":"1.0.0"}
{"component":"api","ip":"::1","level":"info","message":"API Request","method":"GET","responseTime":"3ms","service":"social-media-bot","statusCode":200,"timestamp":"2025-07-16T06:46:27.779Z","url":"/api/analytics/interactions","userAgent":"axios/1.10.0","version":"1.0.0"}
{"component":"api","ip":"::1","level":"info","message":"API Request","method":"GET","responseTime":"3ms","service":"social-media-bot","statusCode":200,"timestamp":"2025-07-16T06:46:27.782Z","url":"/api/analytics/posts","userAgent":"axios/1.10.0","version":"1.0.0"}
{"component":"api","ip":"::1","level":"info","message":"API Request","method":"GET","responseTime":"3ms","service":"social-media-bot","statusCode":200,"timestamp":"2025-07-16T06:46:27.785Z","url":"/api/analytics/tasks","userAgent":"axios/1.10.0","version":"1.0.0"}
{"component":"api","ip":"::1","level":"info","message":"API Request","method":"GET","responseTime":"4ms","service":"social-media-bot","statusCode":200,"timestamp":"2025-07-16T06:46:27.790Z","url":"/api/analytics/users","userAgent":"axios/1.10.0","version":"1.0.0"}
{"component":"api","ip":"::1","level":"info","message":"API Request","method":"GET","responseTime":"2ms","service":"social-media-bot","statusCode":200,"timestamp":"2025-07-16T06:46:27.793Z","url":"/api/analytics/trends","userAgent":"axios/1.10.0","version":"1.0.0"}
{"component":"api","ip":"::1","level":"info","message":"API Request","method":"GET","responseTime":"2ms","service":"social-media-bot","statusCode":200,"timestamp":"2025-07-16T06:46:27.796Z","url":"/api/analytics/realtime","userAgent":"axios/1.10.0","version":"1.0.0"}
{"ip":"::1","level":"warn","message":"404 - Route not found","method":"GET","service":"social-media-bot","timestamp":"2025-07-16T06:46:27.797Z","url":"/api/nonexistent","version":"1.0.0"}
{"component":"api","ip":"::1","level":"error","message":"API Error Response","method":"GET","responseTime":"0ms","service":"social-media-bot","statusCode":404,"timestamp":"2025-07-16T06:46:27.797Z","url":"/api/nonexistent","userAgent":"axios/1.10.0","version":"1.0.0"}
{"component":"api","ip":"::1","level":"error","message":"API Error Response","method":"POST","responseTime":"0ms","service":"social-media-bot","statusCode":400,"timestamp":"2025-07-16T06:46:27.798Z","url":"/api/schedule","userAgent":"axios/1.10.0","version":"1.0.0"}
{"component":"api","ip":"::1","level":"error","message":"API Error Response","method":"GET","responseTime":"1ms","service":"social-media-bot","statusCode":400,"timestamp":"2025-07-16T06:46:27.799Z","url":"/api/analytics/platform/invalid","userAgent":"axios/1.10.0","version":"1.0.0"}
{"component":"api","ip":"::1","level":"info","message":"API Request","method":"DELETE","responseTime":"1ms","service":"social-media-bot","statusCode":200,"timestamp":"2025-07-16T06:46:27.801Z","url":"/api/interact/68774ac3569e9938f7a47e84","userAgent":"axios/1.10.0","version":"1.0.0"}
{"component":"api","ip":"::1","level":"info","message":"API Request","method":"DELETE","responseTime":"1ms","service":"social-media-bot","statusCode":200,"timestamp":"2025-07-16T06:46:27.802Z","url":"/api/users/68774ac310023b8ecb23861c","userAgent":"axios/1.10.0","version":"1.0.0"}
{"level":"info","message":"Received SIGTERM. Starting graceful shutdown...","service":"social-media-bot","timestamp":"2025-07-16T06:46:27.803Z","version":"1.0.0"}
{"level":"info","message":"🚀 Starting Social Media Bot Server...","service":"social-media-bot","timestamp":"2025-07-16T07:00:49.163Z","version":"1.0.0"}
{"component":"database","level":"info","message":"Database connection established","service":"social-media-bot","timestamp":"2025-07-16T07:00:49.192Z","version":"1.0.0"}
{"component":"scheduler","level":"info","message":"All schedulers initialized","service":"social-media-bot","timestamp":"2025-07-16T07:00:49.227Z","version":"1.0.0"}
{"documentation":"http://localhost:3000/api-docs","environment":"test","graphql":"http://localhost:3000/graphql","health":"http://localhost:3000/","level":"info","message":"🚀 Social Media Bot Server running on port 3000","port":"3000","service":"social-media-bot","timestamp":"2025-07-16T07:00:49.228Z","version":"1.0.0"}
{"component":"api","ip":"::1","level":"info","message":"API Request","method":"GET","responseTime":"5ms","service":"social-media-bot","statusCode":200,"timestamp":"2025-07-16T07:00:54.263Z","url":"/","userAgent":"axios/1.10.0","version":"1.0.0"}
{"component":"api","ip":"::1","level":"info","message":"API Request","method":"GET","responseTime":"32ms","service":"social-media-bot","statusCode":200,"timestamp":"2025-07-16T07:00:54.300Z","url":"/api/users","userAgent":"axios/1.10.0","version":"1.0.0"}
{"component":"api","ip":"::1","level":"info","message":"API Request","method":"GET","responseTime":"12ms","service":"social-media-bot","statusCode":200,"timestamp":"2025-07-16T07:00:54.313Z","url":"/api/analytics/platform/twitter","userAgent":"axios/1.10.0","version":"1.0.0"}
{"component":"api","ip":"::1","level":"info","message":"API Request","method":"POST","responseTime":"17ms","service":"social-media-bot","statusCode":201,"timestamp":"2025-07-16T07:00:54.332Z","url":"/api/schedule","userAgent":"axios/1.10.0","version":"1.0.0"}
{"component":"api","ip":"::1","level":"info","message":"API Request","method":"GET","responseTime":"5ms","service":"social-media-bot","statusCode":200,"timestamp":"2025-07-16T07:00:54.338Z","url":"/api/analytics/platform/reddit","userAgent":"axios/1.10.0","version":"1.0.0"}
{"component":"api","ip":"::1","level":"error","message":"API Error Response","method":"POST","responseTime":"0ms","service":"social-media-bot","statusCode":400,"timestamp":"2025-07-16T07:00:54.340Z","url":"/api/schedule","userAgent":"axios/1.10.0","version":"1.0.0"}
{"component":"api","ip":"::1","level":"info","message":"API Request","method":"GET","responseTime":"4ms","service":"social-media-bot","statusCode":200,"timestamp":"2025-07-16T07:00:54.345Z","url":"/api/analytics/platform/instagram","userAgent":"axios/1.10.0","version":"1.0.0"}
{"component":"api","ip":"::1","level":"info","message":"API Request","method":"POST","responseTime":"2ms","service":"social-media-bot","statusCode":201,"timestamp":"2025-07-16T07:00:54.349Z","url":"/api/schedule","userAgent":"axios/1.10.0","version":"1.0.0"}
{"component":"api","ip":"::1","level":"info","message":"API Request","method":"GET","responseTime":"4ms","service":"social-media-bot","statusCode":200,"timestamp":"2025-07-16T07:00:54.354Z","url":"/api/analytics/platform/facebook","userAgent":"axios/1.10.0","version":"1.0.0"}
{"component":"api","ip":"::1","level":"info","message":"API Request","method":"POST","responseTime":"2ms","service":"social-media-bot","statusCode":201,"timestamp":"2025-07-16T07:00:54.358Z","url":"/api/schedule","userAgent":"axios/1.10.0","version":"1.0.0"}
{"ip":"::1","level":"warn","message":"404 - Route not found","method":"GET","service":"social-media-bot","timestamp":"2025-07-16T07:00:54.359Z","url":"/api/nonexistent","version":"1.0.0"}
{"component":"api","ip":"::1","level":"error","message":"API Error Response","method":"GET","responseTime":"1ms","service":"social-media-bot","statusCode":404,"timestamp":"2025-07-16T07:00:54.360Z","url":"/api/nonexistent","userAgent":"axios/1.10.0","version":"1.0.0"}
{"component":"api","ip":"::1","level":"error","message":"API Error Response","method":"POST","responseTime":"1ms","service":"social-media-bot","statusCode":400,"timestamp":"2025-07-16T07:00:54.361Z","url":"/api/schedule","userAgent":"axios/1.10.0","version":"1.0.0"}
{"component":"api","ip":"::1","level":"error","message":"API Error Response","method":"GET","responseTime":"1ms","service":"social-media-bot","statusCode":400,"timestamp":"2025-07-16T07:00:54.362Z","url":"/api/analytics/platform/invalid","userAgent":"axios/1.10.0","version":"1.0.0"}
{"component":"api","ip":"::1","level":"info","message":"API Request","method":"POST","responseTime":"1ms","service":"social-media-bot","statusCode":201,"timestamp":"2025-07-16T07:00:54.364Z","url":"/api/schedule","userAgent":"axios/1.10.0","version":"1.0.0"}
{"component":"api","ip":"::1","level":"info","message":"API Request","method":"GET","responseTime":"3ms","service":"social-media-bot","statusCode":200,"timestamp":"2025-07-16T07:00:54.368Z","url":"/api/schedule","userAgent":"axios/1.10.0","version":"1.0.0"}
{"component":"api","ip":"::1","level":"error","message":"API Error Response","method":"POST","responseTime":"0ms","service":"social-media-bot","statusCode":400,"timestamp":"2025-07-16T07:00:54.369Z","url":"/api/schedule","userAgent":"axios/1.10.0","version":"1.0.0"}
{"component":"api","ip":"::1","level":"info","message":"API Request","method":"GET","responseTime":"5ms","service":"social-media-bot","statusCode":200,"timestamp":"2025-07-16T07:00:54.375Z","url":"/api/analytics","userAgent":"axios/1.10.0","version":"1.0.0"}
{"component":"api","ip":"::1","level":"info","message":"API Request","method":"GET","responseTime":"3ms","service":"social-media-bot","statusCode":200,"timestamp":"2025-07-16T07:00:54.379Z","url":"/api/analytics/platform/twitter","userAgent":"axios/1.10.0","version":"1.0.0"}
{"component":"api","ip":"::1","level":"info","message":"API Request","method":"GET","responseTime":"3ms","service":"social-media-bot","statusCode":200,"timestamp":"2025-07-16T07:00:54.383Z","url":"/api/analytics/platform/reddit","userAgent":"axios/1.10.0","version":"1.0.0"}
{"ip":"::1","level":"warn","message":"404 - Route not found","method":"GET","service":"social-media-bot","timestamp":"2025-07-16T07:00:54.384Z","url":"/api/analytics/summary","version":"1.0.0"}
{"component":"api","ip":"::1","level":"error","message":"API Error Response","method":"GET","responseTime":"0ms","service":"social-media-bot","statusCode":404,"timestamp":"2025-07-16T07:00:54.384Z","url":"/api/analytics/summary","userAgent":"axios/1.10.0","version":"1.0.0"}
{"level":"info","message":"Received SIGTERM. Starting graceful shutdown...","service":"social-media-bot","timestamp":"2025-07-16T07:00:54.385Z","version":"1.0.0"}
{"level":"info","message":"HTTP server closed","service":"social-media-bot","timestamp":"2025-07-16T07:00:54.385Z","version":"1.0.0"}
{"level":"info","message":"Database connection closed","service":"social-media-bot","timestamp":"2025-07-16T07:00:54.388Z","version":"1.0.0"}
{"level":"info","message":"🚀 Starting Social Media Bot Server...","service":"social-media-bot","timestamp":"2025-07-16T07:02:41.426Z","version":"1.0.0"}
{"component":"database","level":"info","message":"Database connection established","service":"social-media-bot","timestamp":"2025-07-16T07:02:41.450Z","version":"1.0.0"}
{"component":"scheduler","level":"info","message":"All schedulers initialized","service":"social-media-bot","timestamp":"2025-07-16T07:02:41.485Z","version":"1.0.0"}
{"documentation":"http://localhost:3000/api-docs","environment":"development","graphql":"http://localhost:3000/graphql","health":"http://localhost:3000/","level":"info","message":"🚀 Social Media Bot Server running on port 3000","port":"3000","service":"social-media-bot","timestamp":"2025-07-16T07:02:41.486Z","version":"1.0.0"}
{"component":"api","ip":"::1","level":"info","message":"API Request","method":"GET","responseTime":"5ms","service":"social-media-bot","statusCode":200,"timestamp":"2025-07-16T07:02:46.523Z","url":"/","userAgent":"axios/1.10.0","version":"1.0.0"}
{"component":"api","ip":"::1","level":"info","message":"API Request","method":"GET","responseTime":"15ms","service":"social-media-bot","statusCode":200,"timestamp":"2025-07-16T07:02:46.543Z","url":"/api/schedule","userAgent":"axios/1.10.0","version":"1.0.0"}
{"component":"api","ip":"::1","level":"info","message":"API Request","method":"POST","responseTime":"15ms","service":"social-media-bot","statusCode":201,"timestamp":"2025-07-16T07:02:46.560Z","url":"/api/schedule","userAgent":"axios/1.10.0","version":"1.0.0"}
{"component":"api","ip":"::1","level":"info","message":"API Request","method":"GET","responseTime":"2ms","service":"social-media-bot","statusCode":200,"timestamp":"2025-07-16T07:02:46.564Z","url":"/api/schedule/upcoming","userAgent":"axios/1.10.0","version":"1.0.0"}
{"component":"api","ip":"::1","level":"info","message":"API Request","method":"GET","responseTime":"2ms","service":"social-media-bot","statusCode":200,"timestamp":"2025-07-16T07:02:46.567Z","url":"/api/schedule/68774e96d4fa03213c790265","userAgent":"axios/1.10.0","version":"1.0.0"}
{"component":"api","ip":"::1","level":"info","message":"API Request","method":"PUT","responseTime":"10ms","service":"social-media-bot","statusCode":200,"timestamp":"2025-07-16T07:02:46.577Z","url":"/api/schedule/68774e96d4fa03213c790265","userAgent":"axios/1.10.0","version":"1.0.0"}
{"component":"api","ip":"::1","level":"info","message":"API Request","method":"DELETE","responseTime":"3ms","service":"social-media-bot","statusCode":200,"timestamp":"2025-07-16T07:02:46.581Z","url":"/api/schedule/68774e96d4fa03213c790265","userAgent":"axios/1.10.0","version":"1.0.0"}
{"component":"api","ip":"::1","level":"info","message":"API Request","method":"GET","responseTime":"3ms","service":"social-media-bot","statusCode":200,"timestamp":"2025-07-16T07:02:46.585Z","url":"/api/users","userAgent":"axios/1.10.0","version":"1.0.0"}
{"component":"api","ip":"::1","level":"info","message":"API Request","method":"POST","responseTime":"5ms","service":"social-media-bot","statusCode":201,"timestamp":"2025-07-16T07:02:46.593Z","url":"/api/users","userAgent":"axios/1.10.0","version":"1.0.0"}
{"component":"api","ip":"::1","level":"info","message":"API Request","method":"GET","responseTime":"5ms","service":"social-media-bot","statusCode":200,"timestamp":"2025-07-16T07:02:46.600Z","url":"/api/users/search?q=test","userAgent":"axios/1.10.0","version":"1.0.0"}
{"component":"api","ip":"::1","level":"info","message":"API Request","method":"GET","responseTime":"2ms","service":"social-media-bot","statusCode":200,"timestamp":"2025-07-16T07:02:46.603Z","url":"/api/users/platform/twitter","userAgent":"axios/1.10.0","version":"1.0.0"}
{"component":"api","ip":"::1","level":"info","message":"API Request","method":"GET","responseTime":"3ms","service":"social-media-bot","statusCode":200,"timestamp":"2025-07-16T07:02:46.606Z","url":"/api/users/68774e9610023b8ecb238705","userAgent":"axios/1.10.0","version":"1.0.0"}
{"component":"api","ip":"::1","level":"info","message":"API Request","method":"PUT","responseTime":"2ms","service":"social-media-bot","statusCode":200,"timestamp":"2025-07-16T07:02:46.609Z","url":"/api/users/68774e9610023b8ecb238705","userAgent":"axios/1.10.0","version":"1.0.0"}
{"component":"api","ip":"::1","level":"info","message":"API Request","method":"GET","responseTime":"2ms","service":"social-media-bot","statusCode":200,"timestamp":"2025-07-16T07:02:46.613Z","url":"/api/interact","userAgent":"axios/1.10.0","version":"1.0.0"}
{"component":"api","ip":"::1","level":"info","message":"API Request","method":"POST","responseTime":"3ms","service":"social-media-bot","statusCode":201,"timestamp":"2025-07-16T07:02:46.616Z","url":"/api/interact","userAgent":"axios/1.10.0","version":"1.0.0"}
{"component":"api","ip":"::1","level":"info","message":"API Request","method":"GET","responseTime":"2ms","service":"social-media-bot","statusCode":200,"timestamp":"2025-07-16T07:02:46.618Z","url":"/api/interact/68774e96d4fa03213c790277","userAgent":"axios/1.10.0","version":"1.0.0"}
{"component":"api","ip":"::1","level":"info","message":"API Request","method":"PUT","responseTime":"2ms","service":"social-media-bot","statusCode":200,"timestamp":"2025-07-16T07:02:46.621Z","url":"/api/interact/68774e96d4fa03213c790277","userAgent":"axios/1.10.0","version":"1.0.0"}
{"component":"api","ip":"::1","level":"info","message":"API Request","method":"POST","responseTime":"5ms","service":"social-media-bot","statusCode":200,"timestamp":"2025-07-16T07:02:46.626Z","url":"/api/interact/68774e96d4fa03213c790277/execute","userAgent":"axios/1.10.0","version":"1.0.0"}
{"component":"api","ip":"::1","level":"info","message":"API Request","method":"GET","responseTime":"8ms","service":"social-media-bot","statusCode":200,"timestamp":"2025-07-16T07:02:46.636Z","url":"/api/analytics","userAgent":"axios/1.10.0","version":"1.0.0"}
{"component":"api","ip":"::1","level":"info","message":"API Request","method":"GET","responseTime":"5ms","service":"social-media-bot","statusCode":200,"timestamp":"2025-07-16T07:02:46.642Z","url":"/api/analytics/platform/twitter","userAgent":"axios/1.10.0","version":"1.0.0"}
{"component":"api","ip":"::1","level":"info","message":"API Request","method":"GET","responseTime":"3ms","service":"social-media-bot","statusCode":200,"timestamp":"2025-07-16T07:02:46.645Z","url":"/api/analytics/interactions","userAgent":"axios/1.10.0","version":"1.0.0"}
{"component":"api","ip":"::1","level":"info","message":"API Request","method":"GET","responseTime":"4ms","service":"social-media-bot","statusCode":200,"timestamp":"2025-07-16T07:02:46.649Z","url":"/api/analytics/posts","userAgent":"axios/1.10.0","version":"1.0.0"}
{"component":"api","ip":"::1","level":"info","message":"API Request","method":"GET","responseTime":"3ms","service":"social-media-bot","statusCode":200,"timestamp":"2025-07-16T07:02:46.652Z","url":"/api/analytics/tasks","userAgent":"axios/1.10.0","version":"1.0.0"}
{"component":"api","ip":"::1","level":"info","message":"API Request","method":"GET","responseTime":"3ms","service":"social-media-bot","statusCode":200,"timestamp":"2025-07-16T07:02:46.656Z","url":"/api/analytics/users","userAgent":"axios/1.10.0","version":"1.0.0"}
{"component":"api","ip":"::1","level":"info","message":"API Request","method":"GET","responseTime":"3ms","service":"social-media-bot","statusCode":200,"timestamp":"2025-07-16T07:02:46.659Z","url":"/api/analytics/trends","userAgent":"axios/1.10.0","version":"1.0.0"}
{"component":"api","ip":"::1","level":"info","message":"API Request","method":"GET","responseTime":"2ms","service":"social-media-bot","statusCode":200,"timestamp":"2025-07-16T07:02:46.662Z","url":"/api/analytics/realtime","userAgent":"axios/1.10.0","version":"1.0.0"}
{"ip":"::1","level":"warn","message":"404 - Route not found","method":"GET","service":"social-media-bot","timestamp":"2025-07-16T07:02:46.663Z","url":"/api/nonexistent","version":"1.0.0"}
{"component":"api","ip":"::1","level":"error","message":"API Error Response","method":"GET","responseTime":"0ms","service":"social-media-bot","statusCode":404,"timestamp":"2025-07-16T07:02:46.663Z","url":"/api/nonexistent","userAgent":"axios/1.10.0","version":"1.0.0"}
{"component":"api","ip":"::1","level":"error","message":"API Error Response","method":"POST","responseTime":"0ms","service":"social-media-bot","statusCode":400,"timestamp":"2025-07-16T07:02:46.664Z","url":"/api/schedule","userAgent":"axios/1.10.0","version":"1.0.0"}
{"component":"api","ip":"::1","level":"error","message":"API Error Response","method":"GET","responseTime":"0ms","service":"social-media-bot","statusCode":400,"timestamp":"2025-07-16T07:02:46.665Z","url":"/api/analytics/platform/invalid","userAgent":"axios/1.10.0","version":"1.0.0"}
{"component":"api","ip":"::1","level":"info","message":"API Request","method":"DELETE","responseTime":"2ms","service":"social-media-bot","statusCode":200,"timestamp":"2025-07-16T07:02:46.667Z","url":"/api/interact/68774e96d4fa03213c790277","userAgent":"axios/1.10.0","version":"1.0.0"}
{"level":"info","message":"🚀 Starting Social Media Bot Server...","service":"social-media-bot","timestamp":"2025-07-16T07:03:03.488Z","version":"1.0.0"}
{"component":"database","level":"info","message":"Database connection established","service":"social-media-bot","timestamp":"2025-07-16T07:03:03.513Z","version":"1.0.0"}
{"component":"scheduler","level":"info","message":"All schedulers initialized","service":"social-media-bot","timestamp":"2025-07-16T07:03:03.546Z","version":"1.0.0"}
{"documentation":"http://localhost:3000/api-docs","environment":"development","graphql":"http://localhost:3000/graphql","health":"http://localhost:3000/","level":"info","message":"🚀 Social Media Bot Server running on port 3000","port":"3000","service":"social-media-bot","timestamp":"2025-07-16T07:03:03.547Z","version":"1.0.0"}
{"ip":"::1","level":"warn","message":"404 - Route not found","method":"POST","service":"social-media-bot","timestamp":"2025-07-16T07:03:14.442Z","url":"/graphql","version":"1.0.0"}
{"component":"api","ip":"::1","level":"error","message":"API Error Response","method":"POST","responseTime":"9ms","service":"social-media-bot","statusCode":404,"timestamp":"2025-07-16T07:03:14.444Z","url":"/graphql","userAgent":"curl/8.7.1","version":"1.0.0"}
{"ip":"::1","level":"warn","message":"404 - Route not found","method":"GET","service":"social-media-bot","timestamp":"2025-07-16T07:03:46.324Z","url":"/graphql","version":"1.0.0"}
{"component":"api","ip":"::1","level":"error","message":"API Error Response","method":"GET","responseTime":"2ms","service":"social-media-bot","statusCode":404,"timestamp":"2025-07-16T07:03:46.325Z","url":"/graphql","userAgent":"curl/8.7.1","version":"1.0.0"}
{"level":"info","message":"Received SIGTERM. Starting graceful shutdown...","service":"social-media-bot","timestamp":"2025-07-16T07:04:43.824Z","version":"1.0.0"}
{"level":"info","message":"🚀 Starting Social Media Bot Server...","service":"social-media-bot","timestamp":"2025-07-16T07:04:55.036Z","version":"1.0.0"}
{"component":"database","level":"info","message":"Database connection established","service":"social-media-bot","timestamp":"2025-07-16T07:04:55.065Z","version":"1.0.0"}
{"component":"scheduler","level":"info","message":"All schedulers initialized","service":"social-media-bot","timestamp":"2025-07-16T07:04:55.102Z","version":"1.0.0"}
{"documentation":"http://localhost:3000/api-docs","environment":"development","graphql":"http://localhost:3000/graphql","health":"http://localhost:3000/","level":"info","message":"🚀 Social Media Bot Server running on port 3000","port":"3000","service":"social-media-bot","timestamp":"2025-07-16T07:04:55.103Z","version":"1.0.0"}
{"component":"api","ip":"::1","level":"info","message":"API Request","method":"POST","responseTime":"19ms","service":"social-media-bot","statusCode":200,"timestamp":"2025-07-16T07:05:06.559Z","url":"/graphql","userAgent":"curl/8.7.1","version":"1.0.0"}
{"component":"api","ip":"::1","level":"info","message":"API Request","method":"POST","responseTime":"3ms","service":"social-media-bot","statusCode":200,"timestamp":"2025-07-16T07:05:16.845Z","url":"/graphql","userAgent":"curl/8.7.1","version":"1.0.0"}
{"component":"api","ip":"::1","level":"info","message":"API Request","method":"GET","responseTime":"1ms","service":"social-media-bot","statusCode":301,"timestamp":"2025-07-16T07:05:27.732Z","url":"/api-docs?id=6d4d2854-6eae-4a13-afcb-f29eb494d161&vscodeBrowserReqId=1752649527726","userAgent":"Mozilla/5.0 (Macintosh; Intel Mac OS X 10_15_7) AppleWebKit/537.36 (KHTML, like Gecko) Code/1.102.0 Chrome/134.0.6998.205 Electron/35.6.0 Safari/537.36","version":"1.0.0"}
{"component":"api","ip":"::1","level":"info","message":"API Request","method":"GET","responseTime":"1ms","service":"social-media-bot","statusCode":200,"timestamp":"2025-07-16T07:05:27.734Z","url":"/api-docs/?id=6d4d2854-6eae-4a13-afcb-f29eb494d161&vscodeBrowserReqId=1752649527726","userAgent":"Mozilla/5.0 (Macintosh; Intel Mac OS X 10_15_7) AppleWebKit/537.36 (KHTML, like Gecko) Code/1.102.0 Chrome/134.0.6998.205 Electron/35.6.0 Safari/537.36","version":"1.0.0"}
{"level":"info","message":"🚀 Starting Social Media Bot Server...","service":"social-media-bot","timestamp":"2025-07-16T07:06:27.540Z","version":"1.0.0"}
{"component":"database","level":"info","message":"Database connection established","service":"social-media-bot","timestamp":"2025-07-16T07:06:27.563Z","version":"1.0.0"}
{"level":"info","message":"Received SIGTERM. Starting graceful shutdown...","service":"social-media-bot","timestamp":"2025-07-16T07:09:26.717Z","version":"1.0.0"}
{"level":"info","message":"🚀 Starting Social Media Bot Server...","service":"social-media-bot","timestamp":"2025-07-16T07:09:29.701Z","version":"1.0.0"}
{"component":"database","level":"info","message":"Database connection established","service":"social-media-bot","timestamp":"2025-07-16T07:09:29.724Z","version":"1.0.0"}
{"component":"scheduler","level":"info","message":"All schedulers initialized","service":"social-media-bot","timestamp":"2025-07-16T07:09:29.759Z","version":"1.0.0"}
{"documentation":"http://localhost:3000/api-docs","environment":"development","graphql":"http://localhost:3000/graphql","health":"http://localhost:3000/","level":"info","message":"🚀 Social Media Bot Server running on port 3000","port":"3000","service":"social-media-bot","timestamp":"2025-07-16T07:09:29.760Z","version":"1.0.0"}
{"component":"api","ip":"::1","level":"info","message":"API Request","method":"GET","responseTime":"6ms","service":"social-media-bot","statusCode":200,"timestamp":"2025-07-16T07:09:34.801Z","url":"/","userAgent":"axios/1.10.0","version":"1.0.0"}
{"component":"api","ip":"::1","level":"info","message":"API Request","method":"GET","responseTime":"22ms","service":"social-media-bot","statusCode":200,"timestamp":"2025-07-16T07:09:34.829Z","url":"/api/schedule","userAgent":"axios/1.10.0","version":"1.0.0"}
{"component":"api","ip":"::1","level":"info","message":"API Request","method":"POST","responseTime":"16ms","service":"social-media-bot","statusCode":201,"timestamp":"2025-07-16T07:09:34.847Z","url":"/api/schedule","userAgent":"axios/1.10.0","version":"1.0.0"}
{"component":"api","ip":"::1","level":"info","message":"API Request","method":"GET","responseTime":"2ms","service":"social-media-bot","statusCode":200,"timestamp":"2025-07-16T07:09:34.851Z","url":"/api/schedule/upcoming","userAgent":"axios/1.10.0","version":"1.0.0"}
{"component":"api","ip":"::1","level":"info","message":"API Request","method":"GET","responseTime":"2ms","service":"social-media-bot","statusCode":200,"timestamp":"2025-07-16T07:09:34.854Z","url":"/api/schedule/6877502e6559af0e574f9f7f","userAgent":"axios/1.10.0","version":"1.0.0"}
{"component":"api","ip":"::1","level":"info","message":"API Request","method":"PUT","responseTime":"10ms","service":"social-media-bot","statusCode":200,"timestamp":"2025-07-16T07:09:34.865Z","url":"/api/schedule/6877502e6559af0e574f9f7f","userAgent":"axios/1.10.0","version":"1.0.0"}
{"component":"api","ip":"::1","level":"info","message":"API Request","method":"DELETE","responseTime":"3ms","service":"social-media-bot","statusCode":200,"timestamp":"2025-07-16T07:09:34.869Z","url":"/api/schedule/6877502e6559af0e574f9f7f","userAgent":"axios/1.10.0","version":"1.0.0"}
{"component":"api","ip":"::1","level":"info","message":"API Request","method":"GET","responseTime":"3ms","service":"social-media-bot","statusCode":200,"timestamp":"2025-07-16T07:09:34.874Z","url":"/api/users","userAgent":"axios/1.10.0","version":"1.0.0"}
{"component":"api","ip":"::1","level":"info","message":"API Request","method":"POST","responseTime":"6ms","service":"social-media-bot","statusCode":201,"timestamp":"2025-07-16T07:09:34.883Z","url":"/api/users","userAgent":"axios/1.10.0","version":"1.0.0"}
{"component":"api","ip":"::1","level":"info","message":"API Request","method":"GET","responseTime":"7ms","service":"social-media-bot","statusCode":200,"timestamp":"2025-07-16T07:09:34.892Z","url":"/api/users/search?q=test","userAgent":"axios/1.10.0","version":"1.0.0"}
{"component":"api","ip":"::1","level":"info","message":"API Request","method":"GET","responseTime":"2ms","service":"social-media-bot","statusCode":200,"timestamp":"2025-07-16T07:09:34.895Z","url":"/api/users/platform/twitter","userAgent":"axios/1.10.0","version":"1.0.0"}
{"component":"api","ip":"::1","level":"info","message":"API Request","method":"GET","responseTime":"3ms","service":"social-media-bot","statusCode":200,"timestamp":"2025-07-16T07:09:34.898Z","url":"/api/users/6877502e10023b8ecb2387ea","userAgent":"axios/1.10.0","version":"1.0.0"}
{"component":"api","ip":"::1","level":"info","message":"API Request","method":"PUT","responseTime":"1ms","service":"social-media-bot","statusCode":200,"timestamp":"2025-07-16T07:09:34.902Z","url":"/api/users/6877502e10023b8ecb2387ea","userAgent":"axios/1.10.0","version":"1.0.0"}
{"component":"api","ip":"::1","level":"info","message":"API Request","method":"GET","responseTime":"3ms","service":"social-media-bot","statusCode":200,"timestamp":"2025-07-16T07:09:34.905Z","url":"/api/interact","userAgent":"axios/1.10.0","version":"1.0.0"}
{"component":"api","ip":"::1","level":"info","message":"API Request","method":"POST","responseTime":"3ms","service":"social-media-bot","statusCode":201,"timestamp":"2025-07-16T07:09:34.908Z","url":"/api/interact","userAgent":"axios/1.10.0","version":"1.0.0"}
{"component":"api","ip":"::1","level":"info","message":"API Request","method":"GET","responseTime":"1ms","service":"social-media-bot","statusCode":200,"timestamp":"2025-07-16T07:09:34.910Z","url":"/api/interact/6877502e6559af0e574f9f91","userAgent":"axios/1.10.0","version":"1.0.0"}
{"component":"api","ip":"::1","level":"info","message":"API Request","method":"PUT","responseTime":"2ms","service":"social-media-bot","statusCode":200,"timestamp":"2025-07-16T07:09:34.913Z","url":"/api/interact/6877502e6559af0e574f9f91","userAgent":"axios/1.10.0","version":"1.0.0"}
{"component":"api","ip":"::1","level":"info","message":"API Request","method":"POST","responseTime":"4ms","service":"social-media-bot","statusCode":200,"timestamp":"2025-07-16T07:09:34.919Z","url":"/api/interact/6877502e6559af0e574f9f91/execute","userAgent":"axios/1.10.0","version":"1.0.0"}
{"component":"api","ip":"::1","level":"info","message":"API Request","method":"GET","responseTime":"11ms","service":"social-media-bot","statusCode":200,"timestamp":"2025-07-16T07:09:34.930Z","url":"/api/analytics","userAgent":"axios/1.10.0","version":"1.0.0"}
{"component":"api","ip":"::1","level":"info","message":"API Request","method":"GET","responseTime":"5ms","service":"social-media-bot","statusCode":200,"timestamp":"2025-07-16T07:09:34.936Z","url":"/api/analytics/platform/twitter","userAgent":"axios/1.10.0","version":"1.0.0"}
{"component":"api","ip":"::1","level":"info","message":"API Request","method":"GET","responseTime":"2ms","service":"social-media-bot","statusCode":200,"timestamp":"2025-07-16T07:09:34.939Z","url":"/api/analytics/interactions","userAgent":"axios/1.10.0","version":"1.0.0"}
{"component":"api","ip":"::1","level":"info","message":"API Request","method":"GET","responseTime":"3ms","service":"social-media-bot","statusCode":200,"timestamp":"2025-07-16T07:09:34.943Z","url":"/api/analytics/posts","userAgent":"axios/1.10.0","version":"1.0.0"}
{"component":"api","ip":"::1","level":"info","message":"API Request","method":"GET","responseTime":"3ms","service":"social-media-bot","statusCode":200,"timestamp":"2025-07-16T07:09:34.946Z","url":"/api/analytics/tasks","userAgent":"axios/1.10.0","version":"1.0.0"}
{"component":"api","ip":"::1","level":"info","message":"API Request","method":"GET","responseTime":"4ms","service":"social-media-bot","statusCode":200,"timestamp":"2025-07-16T07:09:34.951Z","url":"/api/analytics/users","userAgent":"axios/1.10.0","version":"1.0.0"}
{"component":"api","ip":"::1","level":"info","message":"API Request","method":"GET","responseTime":"3ms","service":"social-media-bot","statusCode":200,"timestamp":"2025-07-16T07:09:34.954Z","url":"/api/analytics/trends","userAgent":"axios/1.10.0","version":"1.0.0"}
{"component":"api","ip":"::1","level":"info","message":"API Request","method":"GET","responseTime":"2ms","service":"social-media-bot","statusCode":200,"timestamp":"2025-07-16T07:09:34.957Z","url":"/api/analytics/realtime","userAgent":"axios/1.10.0","version":"1.0.0"}
{"ip":"::1","level":"warn","message":"404 - Route not found","method":"GET","service":"social-media-bot","timestamp":"2025-07-16T07:09:34.957Z","url":"/api/nonexistent","version":"1.0.0"}
{"component":"api","ip":"::1","level":"error","message":"API Error Response","method":"GET","responseTime":"0ms","service":"social-media-bot","statusCode":404,"timestamp":"2025-07-16T07:09:34.958Z","url":"/api/nonexistent","userAgent":"axios/1.10.0","version":"1.0.0"}
{"component":"api","ip":"::1","level":"error","message":"API Error Response","method":"POST","responseTime":"1ms","service":"social-media-bot","statusCode":400,"timestamp":"2025-07-16T07:09:34.959Z","url":"/api/schedule","userAgent":"axios/1.10.0","version":"1.0.0"}
{"component":"api","ip":"::1","level":"error","message":"API Error Response","method":"GET","responseTime":"0ms","service":"social-media-bot","statusCode":400,"timestamp":"2025-07-16T07:09:34.959Z","url":"/api/analytics/platform/invalid","userAgent":"axios/1.10.0","version":"1.0.0"}
{"component":"api","ip":"::1","level":"info","message":"API Request","method":"DELETE","responseTime":"1ms","service":"social-media-bot","statusCode":200,"timestamp":"2025-07-16T07:09:34.961Z","url":"/api/interact/6877502e6559af0e574f9f91","userAgent":"axios/1.10.0","version":"1.0.0"}
{"component":"api","ip":"::1","level":"info","message":"API Request","method":"DELETE","responseTime":"1ms","service":"social-media-bot","statusCode":200,"timestamp":"2025-07-16T07:09:34.963Z","url":"/api/users/6877502e10023b8ecb2387ea","userAgent":"axios/1.10.0","version":"1.0.0"}
{"level":"info","message":"Received SIGTERM. Starting graceful shutdown...","service":"social-media-bot","timestamp":"2025-07-16T07:09:34.964Z","version":"1.0.0"}
{"level":"info","message":"🚀 Starting Social Media Bot Server...","service":"social-media-bot","timestamp":"2025-07-22T11:17:58.605Z","version":"1.0.0"}
{"component":"database","level":"info","message":"Database connection established","service":"social-media-bot","timestamp":"2025-07-22T11:17:59.009Z","version":"1.0.0"}
{"component":"scheduler","level":"info","message":"All schedulers initialized","service":"social-media-bot","timestamp":"2025-07-22T11:17:59.057Z","version":"1.0.0"}
{"documentation":"http://localhost:3000/api-docs","environment":"development","graphql":"http://localhost:3000/graphql","health":"http://localhost:3000/","level":"info","message":"🚀 Social Media Bot Server running on port 3000","port":"3000","service":"social-media-bot","timestamp":"2025-07-22T11:17:59.058Z","version":"1.0.0"}
{"ip":"::1","level":"warn","message":"404 - Route not found","method":"GET","service":"social-media-bot","timestamp":"2025-07-22T11:18:07.428Z","url":"/api/schedule/test-connection/twitter","version":"1.0.0"}
{"component":"api","ip":"::1","level":"error","message":"API Error Response","method":"GET","responseTime":"6ms","service":"social-media-bot","statusCode":404,"timestamp":"2025-07-22T11:18:07.430Z","url":"/api/schedule/test-connection/twitter","userAgent":"curl/8.7.1","version":"1.0.0"}
{"ip":"::1","level":"warn","message":"404 - Route not found","method":"GET","service":"social-media-bot","timestamp":"2025-07-22T11:18:24.799Z","url":"/api","version":"1.0.0"}
{"component":"api","ip":"::1","level":"error","message":"API Error Response","method":"GET","responseTime":"5ms","service":"social-media-bot","statusCode":404,"timestamp":"2025-07-22T11:18:24.800Z","url":"/api","userAgent":"curl/8.7.1","version":"1.0.0"}
{"component":"api","ip":"::1","level":"info","message":"API Request","method":"GET","responseTime":"6ms","service":"social-media-bot","statusCode":301,"timestamp":"2025-07-22T11:18:35.397Z","url":"/api-docs","userAgent":"Mozilla/5.0 (Macintosh; Intel Mac OS X 10_15_7) AppleWebKit/537.36 (KHTML, like Gecko) Chrome/134.0.0.0 Safari/537.36 Edg/134.0.0.0","version":"1.0.0"}
{"component":"api","ip":"::1","level":"info","message":"API Request","method":"GET","responseTime":"2ms","service":"social-media-bot","statusCode":200,"timestamp":"2025-07-22T11:18:35.413Z","url":"/api-docs/","userAgent":"Mozilla/5.0 (Macintosh; Intel Mac OS X 10_15_7) AppleWebKit/537.36 (KHTML, like Gecko) Chrome/134.0.0.0 Safari/537.36 Edg/134.0.0.0","version":"1.0.0"}
{"component":"api","ip":"::1","level":"info","message":"API Request","method":"GET","responseTime":"3ms","service":"social-media-bot","statusCode":200,"timestamp":"2025-07-22T11:18:35.659Z","url":"/api-docs/swagger-ui-init.js","userAgent":"Mozilla/5.0 (Macintosh; Intel Mac OS X 10_15_7) AppleWebKit/537.36 (KHTML, like Gecko) Chrome/134.0.0.0 Safari/537.36 Edg/134.0.0.0","version":"1.0.0"}
{"component":"api","ip":"::1","level":"info","message":"API Request","method":"GET","responseTime":"15ms","service":"social-media-bot","statusCode":200,"timestamp":"2025-07-22T11:18:35.662Z","url":"/api-docs/swagger-ui.css","userAgent":"Mozilla/5.0 (Macintosh; Intel Mac OS X 10_15_7) AppleWebKit/537.36 (KHTML, like Gecko) Chrome/134.0.0.0 Safari/537.36 Edg/134.0.0.0","version":"1.0.0"}
{"component":"api","ip":"::1","level":"info","message":"API Request","method":"GET","responseTime":"14ms","service":"social-media-bot","statusCode":200,"timestamp":"2025-07-22T11:18:35.666Z","url":"/api-docs/swagger-ui-standalone-preset.js","userAgent":"Mozilla/5.0 (Macintosh; Intel Mac OS X 10_15_7) AppleWebKit/537.36 (KHTML, like Gecko) Chrome/134.0.0.0 Safari/537.36 Edg/134.0.0.0","version":"1.0.0"}
{"component":"api","ip":"::1","level":"info","message":"API Request","method":"GET","responseTime":"20ms","service":"social-media-bot","statusCode":200,"timestamp":"2025-07-22T11:18:35.673Z","url":"/api-docs/swagger-ui-bundle.js","userAgent":"Mozilla/5.0 (Macintosh; Intel Mac OS X 10_15_7) AppleWebKit/537.36 (KHTML, like Gecko) Chrome/134.0.0.0 Safari/537.36 Edg/134.0.0.0","version":"1.0.0"}
{"ip":"::1","level":"warn","message":"404 - Route not found","method":"GET","service":"social-media-bot","timestamp":"2025-07-22T11:18:36.016Z","url":"/favicon.ico","version":"1.0.0"}
{"component":"api","ip":"::1","level":"error","message":"API Error Response","method":"GET","responseTime":"3ms","service":"social-media-bot","statusCode":404,"timestamp":"2025-07-22T11:18:36.018Z","url":"/favicon.ico","userAgent":"Mozilla/5.0 (Macintosh; Intel Mac OS X 10_15_7) AppleWebKit/537.36 (KHTML, like Gecko) Chrome/134.0.0.0 Safari/537.36 Edg/134.0.0.0","version":"1.0.0"}
{"component":"api","ip":"::1","level":"info","message":"API Request","method":"GET","responseTime":"4ms","service":"social-media-bot","statusCode":301,"timestamp":"2025-07-22T11:19:09.542Z","url":"/api-docs?id=727ecff9-0a46-4670-b90e-6d3828cf2b56&vscodeBrowserReqId=1753183149524","userAgent":"Mozilla/5.0 (Macintosh; Intel Mac OS X 10_15_7) AppleWebKit/537.36 (KHTML, like Gecko) Code/1.102.1 Chrome/134.0.6998.205 Electron/35.6.0 Safari/537.36","version":"1.0.0"}
{"component":"api","ip":"::1","level":"info","message":"API Request","method":"GET","responseTime":"1ms","service":"social-media-bot","statusCode":200,"timestamp":"2025-07-22T11:19:09.544Z","url":"/api-docs/?id=727ecff9-0a46-4670-b90e-6d3828cf2b56&vscodeBrowserReqId=1753183149524","userAgent":"Mozilla/5.0 (Macintosh; Intel Mac OS X 10_15_7) AppleWebKit/537.36 (KHTML, like Gecko) Code/1.102.1 Chrome/134.0.6998.205 Electron/35.6.0 Safari/537.36","version":"1.0.0"}
{"component":"api","ip":"::1","level":"error","message":"API Error Response","method":"POST","responseTime":"17ms","service":"social-media-bot","statusCode":400,"timestamp":"2025-07-22T11:19:17.802Z","url":"/graphql","userAgent":"curl/8.7.1","version":"1.0.0"}
{"component":"api","ip":"::1","level":"info","message":"API Request","method":"POST","responseTime":"18ms","service":"social-media-bot","statusCode":200,"timestamp":"2025-07-22T11:19:38.869Z","url":"/graphql","userAgent":"curl/8.7.1","version":"1.0.0"}
{"component":"api","ip":"::1","level":"info","message":"API Request","method":"POST","responseTime":"15ms","service":"social-media-bot","statusCode":201,"timestamp":"2025-07-22T11:20:04.211Z","url":"/api/schedule","userAgent":"curl/8.7.1","version":"1.0.0"}
{"component":"api","ip":"::1","level":"info","message":"API Request","method":"POST","responseTime":"8ms","service":"social-media-bot","statusCode":200,"timestamp":"2025-07-22T11:20:32.807Z","url":"/graphql","userAgent":"curl/8.7.1","version":"1.0.0"}
{"component":"api","ip":"::1","level":"info","message":"API Request","method":"POST","responseTime":"6ms","service":"social-media-bot","statusCode":200,"timestamp":"2025-07-22T11:21:17.304Z","url":"/graphql","userAgent":"curl/8.7.1","version":"1.0.0"}
{"level":"info","message":"🚀 Starting Social Media Bot Server...","service":"social-media-bot","timestamp":"2025-07-22T12:19:33.513Z","version":"1.0.0"}
{"component":"database","level":"info","message":"Database connection established","service":"social-media-bot","timestamp":"2025-07-22T12:19:33.537Z","version":"1.0.0"}
{"component":"scheduler","level":"info","message":"All schedulers initialized","service":"social-media-bot","timestamp":"2025-07-22T12:19:33.571Z","version":"1.0.0"}
{"documentation":"http://localhost:3000/api-docs","environment":"development","graphql":"http://localhost:3000/graphql","health":"http://localhost:3000/","level":"info","message":"🚀 Social Media Bot Server running on port 3000","port":"3000","service":"social-media-bot","timestamp":"2025-07-22T12:19:33.571Z","version":"1.0.0"}
{"level":"info","message":"🚀 Starting Social Media Bot Server...","service":"social-media-bot","timestamp":"2025-07-22T12:25:15.204Z","version":"1.0.0"}
{"component":"database","level":"info","message":"Database connection established","service":"social-media-bot","timestamp":"2025-07-22T12:25:15.224Z","version":"1.0.0"}
{"component":"scheduler","level":"info","message":"All schedulers initialized","service":"social-media-bot","timestamp":"2025-07-22T12:25:15.261Z","version":"1.0.0"}
{"documentation":"http://localhost:3000/api-docs","environment":"development","graphql":"http://localhost:3000/graphql","health":"http://localhost:3000/","level":"info","message":"🚀 Social Media Bot Server running on port 3000","port":"3000","service":"social-media-bot","timestamp":"2025-07-22T12:25:15.261Z","version":"1.0.0"}
{"level":"info","message":"Received SIGTERM. Starting graceful shutdown...","service":"social-media-bot","timestamp":"2025-07-22T12:40:15.629Z","version":"1.0.0"}
{"level":"info","message":"🚀 Starting Social Media Bot Server...","service":"social-media-bot","timestamp":"2025-07-22T12:40:26.570Z","version":"1.0.0"}
{"component":"database","level":"info","message":"Database connection established","service":"social-media-bot","timestamp":"2025-07-22T12:40:26.594Z","version":"1.0.0"}
{"component":"scheduler","level":"info","message":"All schedulers initialized","service":"social-media-bot","timestamp":"2025-07-22T12:40:26.630Z","version":"1.0.0"}
{"documentation":"http://localhost:3000/api-docs","environment":"development","graphql":"http://localhost:3000/graphql","health":"http://localhost:3000/","level":"info","message":"🚀 Social Media Bot Server running on port 3000","port":"3000","service":"social-media-bot","timestamp":"2025-07-22T12:40:26.631Z","version":"1.0.0"}
{"level":"info","message":"🚀 Starting Social Media Bot Server...","service":"social-media-bot","timestamp":"2025-07-22T13:03:15.931Z","version":"1.0.0"}
{"component":"database","level":"info","message":"Database connection established","service":"social-media-bot","timestamp":"2025-07-22T13:03:15.959Z","version":"1.0.0"}
{"component":"scheduler","level":"info","message":"All schedulers initialized","service":"social-media-bot","timestamp":"2025-07-22T13:03:15.992Z","version":"1.0.0"}
{"documentation":"http://localhost:3000/api-docs","environment":"development","graphql":"http://localhost:3000/graphql","health":"http://localhost:3000/","level":"info","message":"🚀 Social Media Bot Server running on port 3000","port":"3000","service":"social-media-bot","timestamp":"2025-07-22T13:03:15.993Z","version":"1.0.0"}
{"level":"info","message":"🚀 Starting Social Media Bot Server...","service":"social-media-bot","timestamp":"2025-07-22T13:07:01.473Z","version":"1.0.0"}
{"component":"database","level":"info","message":"Database connection established","service":"social-media-bot","timestamp":"2025-07-22T13:07:01.495Z","version":"1.0.0"}
{"component":"scheduler","level":"info","message":"All schedulers initialized","service":"social-media-bot","timestamp":"2025-07-22T13:07:01.529Z","version":"1.0.0"}
{"documentation":"http://localhost:3000/api-docs","environment":"development","graphql":"http://localhost:3000/graphql","health":"http://localhost:3000/","level":"info","message":"🚀 Social Media Bot Server running on port 3000","port":"3000","service":"social-media-bot","timestamp":"2025-07-22T13:07:01.529Z","version":"1.0.0"}
{"level":"info","message":"🚀 Starting Social Media Bot Server...","service":"social-media-bot","timestamp":"2025-07-22T13:09:09.477Z","version":"1.0.0"}
{"component":"database","level":"info","message":"Database connection established","service":"social-media-bot","timestamp":"2025-07-22T13:09:09.502Z","version":"1.0.0"}
{"component":"scheduler","level":"info","message":"All schedulers initialized","service":"social-media-bot","timestamp":"2025-07-22T13:09:09.537Z","version":"1.0.0"}
{"documentation":"http://localhost:3000/api-docs","environment":"development","graphql":"http://localhost:3000/graphql","health":"http://localhost:3000/","level":"info","message":"🚀 Social Media Bot Server running on port 3000","port":"3000","service":"social-media-bot","timestamp":"2025-07-22T13:09:09.538Z","version":"1.0.0"}
