{"component":"api","ip":"::1","level":"error","message":"API Error Response","method":"GET","responseTime":"2ms","service":"social-media-bot","statusCode":404,"timestamp":"2025-07-16T06:08:37.986Z","url":"/api/schedule","userAgent":"axios/1.10.0","version":"1.0.0"}
{"component":"api","ip":"::1","level":"error","message":"API Error Response","method":"POST","responseTime":"10ms","service":"social-media-bot","statusCode":404,"timestamp":"2025-07-16T06:08:37.998Z","url":"/api/schedule","userAgent":"axios/1.10.0","version":"1.0.0"}
{"component":"api","ip":"::1","level":"error","message":"API Error Response","method":"GET","responseTime":"1ms","service":"social-media-bot","statusCode":404,"timestamp":"2025-07-16T06:08:38.000Z","url":"/api/schedule/upcoming","userAgent":"axios/1.10.0","version":"1.0.0"}
{"component":"api","ip":"::1","level":"error","message":"API Error Response","method":"GET","responseTime":"1ms","service":"social-media-bot","statusCode":404,"timestamp":"2025-07-16T06:08:38.002Z","url":"/api/users","userAgent":"axios/1.10.0","version":"1.0.0"}
{"component":"api","ip":"::1","level":"error","message":"API Error Response","method":"POST","responseTime":"2ms","service":"social-media-bot","statusCode":404,"timestamp":"2025-07-16T06:08:38.005Z","url":"/api/users","userAgent":"axios/1.10.0","version":"1.0.0"}
{"component":"api","ip":"::1","level":"error","message":"API Error Response","method":"GET","responseTime":"1ms","service":"social-media-bot","statusCode":404,"timestamp":"2025-07-16T06:08:38.008Z","url":"/api/users/search?q=test","userAgent":"axios/1.10.0","version":"1.0.0"}
{"component":"api","ip":"::1","level":"error","message":"API Error Response","method":"GET","responseTime":"0ms","service":"social-media-bot","statusCode":404,"timestamp":"2025-07-16T06:08:38.010Z","url":"/api/users/platform/twitter","userAgent":"axios/1.10.0","version":"1.0.0"}
{"component":"api","ip":"::1","level":"error","message":"API Error Response","method":"GET","responseTime":"2ms","service":"social-media-bot","statusCode":404,"timestamp":"2025-07-16T06:08:38.014Z","url":"/api/interact","userAgent":"axios/1.10.0","version":"1.0.0"}
{"component":"api","ip":"::1","level":"error","message":"API Error Response","method":"POST","responseTime":"1ms","service":"social-media-bot","statusCode":404,"timestamp":"2025-07-16T06:08:38.017Z","url":"/api/interact","userAgent":"axios/1.10.0","version":"1.0.0"}
{"component":"api","ip":"::1","level":"error","message":"API Error Response","method":"GET","responseTime":"0ms","service":"social-media-bot","statusCode":404,"timestamp":"2025-07-16T06:08:38.018Z","url":"/api/analytics","userAgent":"axios/1.10.0","version":"1.0.0"}
{"component":"api","ip":"::1","level":"error","message":"API Error Response","method":"GET","responseTime":"0ms","service":"social-media-bot","statusCode":404,"timestamp":"2025-07-16T06:08:38.020Z","url":"/api/analytics/platform/twitter","userAgent":"axios/1.10.0","version":"1.0.0"}
{"component":"api","ip":"::1","level":"error","message":"API Error Response","method":"GET","responseTime":"1ms","service":"social-media-bot","statusCode":404,"timestamp":"2025-07-16T06:08:38.021Z","url":"/api/analytics/interactions","userAgent":"axios/1.10.0","version":"1.0.0"}
{"component":"api","ip":"::1","level":"error","message":"API Error Response","method":"GET","responseTime":"1ms","service":"social-media-bot","statusCode":404,"timestamp":"2025-07-16T06:08:38.023Z","url":"/api/analytics/posts","userAgent":"axios/1.10.0","version":"1.0.0"}
{"component":"api","ip":"::1","level":"error","message":"API Error Response","method":"GET","responseTime":"1ms","service":"social-media-bot","statusCode":404,"timestamp":"2025-07-16T06:08:38.024Z","url":"/api/analytics/tasks","userAgent":"axios/1.10.0","version":"1.0.0"}
{"component":"api","ip":"::1","level":"error","message":"API Error Response","method":"GET","responseTime":"1ms","service":"social-media-bot","statusCode":404,"timestamp":"2025-07-16T06:08:38.025Z","url":"/api/analytics/users","userAgent":"axios/1.10.0","version":"1.0.0"}
{"component":"api","ip":"::1","level":"error","message":"API Error Response","method":"GET","responseTime":"0ms","service":"social-media-bot","statusCode":404,"timestamp":"2025-07-16T06:08:38.027Z","url":"/api/analytics/trends","userAgent":"axios/1.10.0","version":"1.0.0"}
{"component":"api","ip":"::1","level":"error","message":"API Error Response","method":"GET","responseTime":"1ms","service":"social-media-bot","statusCode":404,"timestamp":"2025-07-16T06:08:38.028Z","url":"/api/analytics/realtime","userAgent":"axios/1.10.0","version":"1.0.0"}
{"component":"api","ip":"::1","level":"error","message":"API Error Response","method":"GET","responseTime":"0ms","service":"social-media-bot","statusCode":404,"timestamp":"2025-07-16T06:08:38.029Z","url":"/api/nonexistent","userAgent":"axios/1.10.0","version":"1.0.0"}
{"component":"api","ip":"::1","level":"error","message":"API Error Response","method":"POST","responseTime":"0ms","service":"social-media-bot","statusCode":404,"timestamp":"2025-07-16T06:08:38.030Z","url":"/api/schedule","userAgent":"axios/1.10.0","version":"1.0.0"}
{"component":"api","ip":"::1","level":"error","message":"API Error Response","method":"GET","responseTime":"0ms","service":"social-media-bot","statusCode":404,"timestamp":"2025-07-16T06:08:38.031Z","url":"/api/analytics/platform/invalid","userAgent":"axios/1.10.0","version":"1.0.0"}
{"component":"api","ip":"::1","level":"error","message":"API Error Response","method":"GET","responseTime":"0ms","service":"social-media-bot","statusCode":404,"timestamp":"2025-07-16T06:46:27.797Z","url":"/api/nonexistent","userAgent":"axios/1.10.0","version":"1.0.0"}
{"component":"api","ip":"::1","level":"error","message":"API Error Response","method":"POST","responseTime":"0ms","service":"social-media-bot","statusCode":400,"timestamp":"2025-07-16T06:46:27.798Z","url":"/api/schedule","userAgent":"axios/1.10.0","version":"1.0.0"}
{"component":"api","ip":"::1","level":"error","message":"API Error Response","method":"GET","responseTime":"1ms","service":"social-media-bot","statusCode":400,"timestamp":"2025-07-16T06:46:27.799Z","url":"/api/analytics/platform/invalid","userAgent":"axios/1.10.0","version":"1.0.0"}
{"component":"api","ip":"::1","level":"error","message":"API Error Response","method":"POST","responseTime":"0ms","service":"social-media-bot","statusCode":400,"timestamp":"2025-07-16T07:00:54.339Z","url":"/api/schedule","userAgent":"axios/1.10.0","version":"1.0.0"}
{"component":"api","ip":"::1","level":"error","message":"API Error Response","method":"GET","responseTime":"1ms","service":"social-media-bot","statusCode":404,"timestamp":"2025-07-16T07:00:54.360Z","url":"/api/nonexistent","userAgent":"axios/1.10.0","version":"1.0.0"}
{"component":"api","ip":"::1","level":"error","message":"API Error Response","method":"POST","responseTime":"1ms","service":"social-media-bot","statusCode":400,"timestamp":"2025-07-16T07:00:54.361Z","url":"/api/schedule","userAgent":"axios/1.10.0","version":"1.0.0"}
{"component":"api","ip":"::1","level":"error","message":"API Error Response","method":"GET","responseTime":"1ms","service":"social-media-bot","statusCode":400,"timestamp":"2025-07-16T07:00:54.362Z","url":"/api/analytics/platform/invalid","userAgent":"axios/1.10.0","version":"1.0.0"}
{"component":"api","ip":"::1","level":"error","message":"API Error Response","method":"POST","responseTime":"0ms","service":"social-media-bot","statusCode":400,"timestamp":"2025-07-16T07:00:54.369Z","url":"/api/schedule","userAgent":"axios/1.10.0","version":"1.0.0"}
{"component":"api","ip":"::1","level":"error","message":"API Error Response","method":"GET","responseTime":"0ms","service":"social-media-bot","statusCode":404,"timestamp":"2025-07-16T07:00:54.384Z","url":"/api/analytics/summary","userAgent":"axios/1.10.0","version":"1.0.0"}
{"component":"api","ip":"::1","level":"error","message":"API Error Response","method":"GET","responseTime":"0ms","service":"social-media-bot","statusCode":404,"timestamp":"2025-07-16T07:02:46.663Z","url":"/api/nonexistent","userAgent":"axios/1.10.0","version":"1.0.0"}
{"component":"api","ip":"::1","level":"error","message":"API Error Response","method":"POST","responseTime":"0ms","service":"social-media-bot","statusCode":400,"timestamp":"2025-07-16T07:02:46.664Z","url":"/api/schedule","userAgent":"axios/1.10.0","version":"1.0.0"}
{"component":"api","ip":"::1","level":"error","message":"API Error Response","method":"GET","responseTime":"0ms","service":"social-media-bot","statusCode":400,"timestamp":"2025-07-16T07:02:46.665Z","url":"/api/analytics/platform/invalid","userAgent":"axios/1.10.0","version":"1.0.0"}
{"component":"api","ip":"::1","level":"error","message":"API Error Response","method":"POST","responseTime":"9ms","service":"social-media-bot","statusCode":404,"timestamp":"2025-07-16T07:03:14.444Z","url":"/graphql","userAgent":"curl/8.7.1","version":"1.0.0"}
{"component":"api","ip":"::1","level":"error","message":"API Error Response","method":"GET","responseTime":"2ms","service":"social-media-bot","statusCode":404,"timestamp":"2025-07-16T07:03:46.325Z","url":"/graphql","userAgent":"curl/8.7.1","version":"1.0.0"}
{"component":"api","ip":"::1","level":"error","message":"API Error Response","method":"GET","responseTime":"0ms","service":"social-media-bot","statusCode":404,"timestamp":"2025-07-16T07:09:34.958Z","url":"/api/nonexistent","userAgent":"axios/1.10.0","version":"1.0.0"}
{"component":"api","ip":"::1","level":"error","message":"API Error Response","method":"POST","responseTime":"1ms","service":"social-media-bot","statusCode":400,"timestamp":"2025-07-16T07:09:34.959Z","url":"/api/schedule","userAgent":"axios/1.10.0","version":"1.0.0"}
{"component":"api","ip":"::1","level":"error","message":"API Error Response","method":"GET","responseTime":"0ms","service":"social-media-bot","statusCode":400,"timestamp":"2025-07-16T07:09:34.959Z","url":"/api/analytics/platform/invalid","userAgent":"axios/1.10.0","version":"1.0.0"}
{"component":"api","ip":"::1","level":"error","message":"API Error Response","method":"GET","responseTime":"6ms","service":"social-media-bot","statusCode":404,"timestamp":"2025-07-22T11:18:07.430Z","url":"/api/schedule/test-connection/twitter","userAgent":"curl/8.7.1","version":"1.0.0"}
{"component":"api","ip":"::1","level":"error","message":"API Error Response","method":"GET","responseTime":"5ms","service":"social-media-bot","statusCode":404,"timestamp":"2025-07-22T11:18:24.800Z","url":"/api","userAgent":"curl/8.7.1","version":"1.0.0"}
{"component":"api","ip":"::1","level":"error","message":"API Error Response","method":"GET","responseTime":"3ms","service":"social-media-bot","statusCode":404,"timestamp":"2025-07-22T11:18:36.017Z","url":"/favicon.ico","userAgent":"Mozilla/5.0 (Macintosh; Intel Mac OS X 10_15_7) AppleWebKit/537.36 (KHTML, like Gecko) Chrome/134.0.0.0 Safari/537.36 Edg/134.0.0.0","version":"1.0.0"}
{"component":"api","ip":"::1","level":"error","message":"API Error Response","method":"POST","responseTime":"17ms","service":"social-media-bot","statusCode":400,"timestamp":"2025-07-22T11:19:17.802Z","url":"/graphql","userAgent":"curl/8.7.1","version":"1.0.0"}
{"component":"api","ip":"::1","level":"error","message":"API Error Response","method":"GET","responseTime":"6ms","service":"social-media-bot","statusCode":404,"timestamp":"2025-07-23T16:54:15.223Z","url":"/api/twitter/user/elonmusk","userAgent":"curl/8.7.1","version":"1.0.0"}
{"component":"api","ip":"::1","level":"error","message":"API Error Response","method":"POST","responseTime":"1ms","service":"social-media-bot","statusCode":404,"timestamp":"2025-07-23T16:54:36.954Z","url":"/shutdown","userAgent":"curl/8.7.1","version":"1.0.0"}
{"component":"api","ip":"::1","level":"error","message":"API Error Response","method":"GET","responseTime":"393ms","service":"social-media-bot","statusCode":404,"timestamp":"2025-07-23T16:58:55.442Z","url":"/api/twitter/user/tesla","userAgent":"curl/8.7.1","version":"1.0.0"}
{"component":"api","ip":"::1","level":"error","message":"API Error Response","method":"GET","responseTime":"424ms","service":"social-media-bot","statusCode":404,"timestamp":"2025-07-23T16:59:05.196Z","url":"/api/twitter/user/jack","userAgent":"curl/8.7.1","version":"1.0.0"}
{"component":"api","ip":"::1","level":"error","message":"API Error Response","method":"GET","responseTime":"394ms","service":"social-media-bot","statusCode":404,"timestamp":"2025-07-23T16:59:13.286Z","url":"/api/twitter/user/AakashChamola","userAgent":"curl/8.7.1","version":"1.0.0"}
{"component":"api","ip":"::1","level":"error","message":"API Error Response","method":"GET","responseTime":"377ms","service":"social-media-bot","statusCode":404,"timestamp":"2025-07-23T17:01:32.872Z","url":"/api/twitter/user/elonmusk","userAgent":"curl/8.7.1","version":"1.0.0"}
{"component":"api","ip":"::1","level":"error","message":"API Error Response","method":"GET","responseTime":"738ms","service":"social-media-bot","statusCode":404,"timestamp":"2025-07-23T17:33:50.507Z","url":"/api/twitter/user/testuser/tweets?maxResults=3","userAgent":"curl/8.7.1","version":"1.0.0"}
{"component":"api","ip":"::1","level":"error","message":"API Error Response","method":"GET","responseTime":"2ms","service":"social-media-bot","statusCode":404,"timestamp":"2025-07-23T17:39:44.857Z","url":"/favicon.ico","userAgent":"Mozilla/5.0 (Macintosh; Intel Mac OS X 10_15_7) AppleWebKit/537.36 (KHTML, like Gecko) Chrome/134.0.0.0 Safari/537.36 Edg/134.0.0.0","version":"1.0.0"}
{"component":"api","ip":"::1","level":"error","message":"API Error Response","method":"GET","responseTime":"403ms","service":"social-media-bot","statusCode":404,"timestamp":"2025-07-23T17:40:59.165Z","url":"/api/twitter/user/aditya732391/tweets?maxResults=5","userAgent":"Mozilla/5.0 (Macintosh; Intel Mac OS X 10_15_7) AppleWebKit/537.36 (KHTML, like Gecko) Chrome/134.0.0.0 Safari/537.36 Edg/134.0.0.0","version":"1.0.0"}
{"component":"api","ip":"::1","level":"error","message":"API Error Response","method":"GET","responseTime":"318ms","service":"social-media-bot","statusCode":404,"timestamp":"2025-07-23T17:41:07.894Z","url":"/api/twitter/user/elonmusk/tweets?maxResults=5","userAgent":"Mozilla/5.0 (Macintosh; Intel Mac OS X 10_15_7) AppleWebKit/537.36 (KHTML, like Gecko) Chrome/134.0.0.0 Safari/537.36 Edg/134.0.0.0","version":"1.0.0"}
{"component":"api","ip":"::1","level":"error","message":"API Error Response","method":"GET","responseTime":"367ms","service":"social-media-bot","statusCode":404,"timestamp":"2025-07-23T17:44:40.999Z","url":"/api/twitter/user/elonmusk","userAgent":"curl/8.7.1","version":"1.0.0"}
{"component":"api","ip":"::1","level":"error","message":"API Error Response","method":"GET","responseTime":"360ms","service":"social-media-bot","statusCode":404,"timestamp":"2025-07-23T17:44:52.138Z","url":"/api/twitter/user/testuser/tweets","userAgent":"curl/8.7.1","version":"1.0.0"}
{"component":"api","ip":"::1","level":"error","message":"API Error Response","method":"GET","responseTime":"423ms","service":"social-media-bot","statusCode":404,"timestamp":"2025-07-23T17:47:02.492Z","url":"/api/twitter/user/elonmusk","userAgent":"curl/8.7.1","version":"1.0.0"}
{"component":"api","ip":"::1","level":"error","message":"API Error Response","method":"GET","responseTime":"440ms","service":"social-media-bot","statusCode":404,"timestamp":"2025-07-23T17:49:09.054Z","url":"/api/twitter/user/elonmusk","userAgent":"curl/8.7.1","version":"1.0.0"}
